<?xml version="1.0" encoding="UTF-8"?>
<testsuite xmlns:xsi="http://www.w3.org/2001/XMLSchema-instance" xsi:schemaLocation="https://maven.apache.org/surefire/maven-surefire-plugin/xsd/surefire-test-report.xsd" name="com.flow.gameFlow.RunnerTest" time="188.173" tests="110" errors="0" skipped="3" failures="2">
  <properties>
[...]
</properties>
  <testcase name="Given user is on the homepage" classname="| lyricalwhiz@mail.com | Automation_Testing | Daniel Adebayo |" time="0.001"/>
  <testcase name="Given user is on the homepage" classname="| lyricalwhiz@mail.com | Automation_Testing | Daniel Adebayo |" time="0"/>
  <testcase name="Given user is on the homepage" classname="| lyricalwhiz@mail.com | Automation_Testing | Daniel Adebayo |" time="0"/>
  <testcase name="Given user is on the homepage" classname="| lyricalwhiz@mail.com | Automation_Testing | Daniel Adebayo |" time="0"/>
  <testcase name="And I click on the sign in button" classname="| lyricalwhiz@mail.com | Automation_Testing | Daniel Adebayo |" time="0"/>
  <testcase name="And I click on the sign in button" classname="| lyricalwhiz@mail.com | Automation_Testing | Daniel Adebayo |" time="0"/>
  <testcase name="And I click on the sign in button" classname="| lyricalwhiz@mail.com | Automation_Testing | Daniel Adebayo |" time="0"/>
  <testcase name="And I click on the sign in button" classname="| lyricalwhiz@mail.com | Automation_Testing | Daniel Adebayo |" time="0"/>
  <testcase name="And I enter the email &quot;lyricalwhiz@mail.com&quot; address" classname="| lyricalwhiz@mail.com | Automation_Testing | Daniel Adebayo |" time="0"/>
  <testcase name="And I enter the email &quot;lyricalwhiz@mail.com&quot; address" classname="| lyricalwhiz@mail.com | Automation_Testing | Daniel Adebayo |" time="0"/>
  <testcase name="And I enter the email &quot;lyricalwhiz@mail.com&quot; address" classname="| lyricalwhiz@mail.com | Automation_Testing | Daniel Adebayo |" time="0"/>
  <testcase name="And I enter the email &quot;lyricalwhiz@mail.com&quot; address" classname="| lyricalwhiz@mail.com | Automation_Testing | Daniel Adebayo |" time="0"/>
  <testcase name="And I enter the password &quot;Automation_Testing&quot;" classname="| lyricalwhiz@mail.com | Automation_Testing | Daniel Adebayo |" time="0"/>
  <testcase name="And I enter the password &quot;Automation_Testing&quot;" classname="| lyricalwhiz@mail.com | Automation_Testing | Daniel Adebayo |" time="0"/>
  <testcase name="And I enter the password &quot;Automation_Testing&quot;" classname="| lyricalwhiz@mail.com | Automation_Testing | Daniel Adebayo |" time="0"/>
  <testcase name="And I enter the password &quot;Automation_Testing&quot;" classname="| lyricalwhiz@mail.com | Automation_Testing | Daniel Adebayo |" time="0.001"/>
  <testcase name="And I click on the login button" classname="| lyricalwhiz@mail.com | Automation_Testing | Daniel Adebayo |" time="0"/>
  <testcase name="And I click on the login button" classname="| lyricalwhiz@mail.com | Automation_Testing | Daniel Adebayo |" time="0"/>
  <testcase name="And I click on the login button" classname="| lyricalwhiz@mail.com | Automation_Testing | Daniel Adebayo |" time="0"/>
  <testcase name="And I click on the login button" classname="| lyricalwhiz@mail.com | Automation_Testing | Daniel Adebayo |" time="0"/>
  <testcase name="And I search for dress" classname="| lyricalwhiz@mail.com | Automation_Testing | Daniel Adebayo |" time="0"/>
  <testcase name="And I select dress from the list" classname="| lyricalwhiz@mail.com | Automation_Testing | Daniel Adebayo |" time="0"/>
  <testcase name="And I chose quantity, size and color required" classname="| lyricalwhiz@mail.com | Automation_Testing | Daniel Adebayo |" time="0"/>
  <testcase name="And I add items to cart" classname="| lyricalwhiz@mail.com | Automation_Testing | Daniel Adebayo |" time="0"/>
  <testcase name="And I click proceed to checkout" classname="| lyricalwhiz@mail.com | Automation_Testing | Daniel Adebayo |" time="0"/>
  <testcase name="And I viewed items summary and click proceed to checkout" classname="| lyricalwhiz@mail.com | Automation_Testing | Daniel Adebayo |" time="0"/>
  <testcase name="And I viewed billing, shipping adresses and click proceed to checkout" classname="| lyricalwhiz@mail.com | Automation_Testing | Daniel Adebayo |" time="0"/>
  <testcase name="And I checked box to accept terms of services and click proceed to checkout" classname="| lyricalwhiz@mail.com | Automation_Testing | Daniel Adebayo |" time="0"/>
  <testcase name="When I chose Check as mode of payment" classname="| lyricalwhiz@mail.com | Automation_Testing | Daniel Adebayo |" time="0"/>
  <testcase name="When I click confirm order" classname="| lyricalwhiz@mail.com | Automation_Testing | Daniel Adebayo |" time="0"/>
  <testcase name="Then I verify that the account name &quot;Daniel Adebayo&quot; is displayed" classname="| lyricalwhiz@mail.com | Automation_Testing | Daniel Adebayo |" time="0"/>
  <testcase name="Then I verify that the account name &quot;Daniel Adebayo&quot; is displayed" classname="| lyricalwhiz@mail.com | Automation_Testing | Daniel Adebayo |" time="0"/>
  <testcase name="Then I verify that the account name &quot;Daniel Adebayo&quot; is displayed" classname="| lyricalwhiz@mail.com | Automation_Testing | Daniel Adebayo |" time="0"/>
  <testcase name="Then I verify that the account name &quot;Daniel Adebayo&quot; is displayed" classname="| lyricalwhiz@mail.com | Automation_Testing | Daniel Adebayo |" time="0"/>
  <testcase name="And I sign out user" classname="| lyricalwhiz@mail.com | Automation_Testing | Daniel Adebayo |" time="0"/>
  <testcase name="And I sign out user" classname="| lyricalwhiz@mail.com | Automation_Testing | Daniel Adebayo |" time="0"/>
  <testcase name="Then I close down the browser" classname="| lyricalwhiz@mail.com | Automation_Testing | Daniel Adebayo |" time="0"/>
  <testcase name="Then I close down the browser" classname="| lyricalwhiz@mail.com | Automation_Testing | Daniel Adebayo |" time="0"/>
  <testcase name="| lyricalwhiz@mail.com | Automation_Testing | Daniel Adebayo |" classname="| lyricalwhiz@mail.com | Automation_Testing | Daniel Adebayo |" time="0.001"/>
  <testcase name="| lyricalwhiz@mail.com | Automation_Testing | Daniel Adebayo |" classname="| lyricalwhiz@mail.com | Automation_Testing | Daniel Adebayo |" time="0"/>
  <testcase name="| lyricalwhiz@mail.com | Automation_Testing | Daniel Adebayo |" classname="| lyricalwhiz@mail.com | Automation_Testing | Daniel Adebayo |" time="0"/>
  <testcase name="| lyricalwhiz@mail.com | Automation_Testing | Daniel Adebayo |" classname="| lyricalwhiz@mail.com | Automation_Testing | Daniel Adebayo |" time="0"/>
  <testcase name="Then I click on my ORDER HISTORY AND DETAILS" classname="| lyricalwhiz@mail.com | Automation_Testing | Daniel Adebayo |" time="0.001"/>
  <testcase name="And I assert text on all orders placed since account creation" classname="| lyricalwhiz@mail.com | Automation_Testing | Daniel Adebayo |" time="0"/>
  <testcase name="And I take a screenshot" classname="| lyricalwhiz@mail.com | Automation_Testing | Daniel Adebayo |" time="0"/>
  <testcase name="And I click on my first order to see the details" classname="| lyricalwhiz@mail.com | Automation_Testing | Daniel Adebayo |" time="0"/>
  <testcase name="And I confirm the order refference and date placed" classname="| lyricalwhiz@mail.com | Automation_Testing | Daniel Adebayo |" time="0"/>
  <testcase name="And I click on the Product tab so as to select the item size and colour" classname="| lyricalwhiz@mail.com | Automation_Testing | Daniel Adebayo |" time="0"/>
  <testcase name="When I Added a message into the info box provided" classname="| lyricalwhiz@mail.com | Automation_Testing | Daniel Adebayo |" time="0"/>
  <testcase name="Then I click Send" classname="| lyricalwhiz@mail.com | Automation_Testing | Daniel Adebayo |" time="0"/>
  <testcase name="Then I click the Contact us button" classname="| lyricalwhiz@mail.com | Automation_Testing | Daniel Adebayo |" time="0"/>
  <testcase name="And I click in the Subject Heading tab to select Customer service from the drop down menu" classname="| lyricalwhiz@mail.com | Automation_Testing | Daniel Adebayo |" time="0"/>
  <testcase name="And I click on the Order reference tab to select my latest order from the list" classname="| lyricalwhiz@mail.com | Automation_Testing | Daniel Adebayo |" time="0"/>
  <testcase name="And I click on the Product tab to select the item size and colour" classname="| lyricalwhiz@mail.com | Automation_Testing | Daniel Adebayo |" time="0"/>
  <testcase name="When I wrote inside the message box provide" classname="| lyricalwhiz@mail.com | Automation_Testing | Daniel Adebayo |" time="0"/>
  <testcase name="Then I click on the Send button" classname="| lyricalwhiz@mail.com | Automation_Testing | Daniel Adebayo |" time="0"/>
  <testcase name="Given user is on the homepage" classname="| lukebible@mail.com | InteliJ3 | Luke Bible |" time="0"/>
  <testcase name="Given user is on the homepage" classname="| lukebible@mail.com | InteliJ3 | Luke Bible |" time="0"/>
  <testcase name="And I click on the sign in button" classname="| lukebible@mail.com | InteliJ3 | Luke Bible |" time="0"/>
  <testcase name="And I click on the sign in button" classname="| lukebible@mail.com | InteliJ3 | Luke Bible |" time="0"/>
  <testcase name="When I click on forgot password link" classname="| lukebible@mail.com | InteliJ3 | Luke Bible |" time="0"/>
  <testcase name="And I enter the email &quot;lukebible@mail.com&quot; address" classname="| lukebible@mail.com | InteliJ3 | Luke Bible |" time="0"/>
  <testcase name="And I enter the email &quot;lukebible@mail.com&quot; address" classname="| lukebible@mail.com | InteliJ3 | Luke Bible |" time="0"/>
  <testcase name="And I click on Retrieve Password button" classname="| lukebible@mail.com | InteliJ3 | Luke Bible |" time="0"/>
  <testcase name="Then I Verify the given message" classname="| lukebible@mail.com | InteliJ3 | Luke Bible |" time="0"/>
  <testcase name="| lukebible@mail.com | InteliJ3 | Luke Bible |" classname="| lukebible@mail.com | InteliJ3 | Luke Bible |" time="0"/>
  <testcase name="| lukebible@mail.com | InteliJ3 | Luke Bible |" classname="| lukebible@mail.com | InteliJ3 | Luke Bible |" time="0"/>
  <testcase name="Given user is on the homepage" classname="| mathewbible@mail.com | InteliJ1 | Mathew Bible |" time="0"/>
  <testcase name="And I click on the sign in button" classname="| mathewbible@mail.com | InteliJ1 | Mathew Bible |" time="0"/>
  <testcase name="And I enter the email &quot;mathewbible@mail.com&quot; address" classname="| mathewbible@mail.com | InteliJ1 | Mathew Bible |" time="0"/>
  <testcase name="And I enter the password &quot;InteliJ1&quot;" classname="| mathewbible@mail.com | InteliJ1 | Mathew Bible |" time="0"/>
  <testcase name="And I click on the login button" classname="| mathewbible@mail.com | InteliJ1 | Mathew Bible |" time="0"/>
  <testcase name="Then I verify that the account name &quot;Mathew Bible&quot; is displayed" classname="| mathewbible@mail.com | InteliJ1 | Mathew Bible |" time="0"/>
  <testcase name="And I sign out user" classname="| mathewbible@mail.com | InteliJ1 | Mathew Bible |" time="0"/>
  <testcase name="Then I close down the browser" classname="| mathewbible@mail.com | InteliJ1 | Mathew Bible |" time="0"/>
  <testcase name="| mathewbible@mail.com | InteliJ1 | Mathew Bible |" classname="| mathewbible@mail.com | InteliJ1 | Mathew Bible |" time="0"/>
  <testcase name="Given user is on the homepage" classname="| markbible@mail.com | InteliJ2 | Mark Bible |" time="0"/>
  <testcase name="Given user is on the homepage" classname="| markbible@mail.com | InteliJ2 | Mark Bible |" time="0"/>
  <testcase name="And I click on the sign in button" classname="| markbible@mail.com | InteliJ2 | Mark Bible |" time="0"/>
  <testcase name="And I click on the sign in button" classname="| markbible@mail.com | InteliJ2 | Mark Bible |" time="0"/>
  <testcase name="And I enter the email &quot;markbible@mail.com&quot; address" classname="| markbible@mail.com | InteliJ2 | Mark Bible |" time="0"/>
  <testcase name="And I enter the email &quot;markbible@mail.com&quot; address" classname="| markbible@mail.com | InteliJ2 | Mark Bible |" time="0"/>
  <testcase name="And I enter the password &quot;InteliJ2&quot;" classname="| markbible@mail.com | InteliJ2 | Mark Bible |" time="0"/>
  <testcase name="And I enter the password &quot;InteliJ2&quot;" classname="| markbible@mail.com | InteliJ2 | Mark Bible |" time="0"/>
  <testcase name="And I click on the login button" classname="| markbible@mail.com | InteliJ2 | Mark Bible |" time="0"/>
  <testcase name="And I click on the login button" classname="| markbible@mail.com | InteliJ2 | Mark Bible |" time="0"/>
  <testcase name="Then I verify that the account name &quot;Mark Bible&quot; is displayed" classname="| markbible@mail.com | InteliJ2 | Mark Bible |" time="0"/>
  <testcase name="Then I verify that the account name &quot;Mark Bible&quot; is displayed" classname="| markbible@mail.com | InteliJ2 | Mark Bible |" time="0">
    <skipped/>
  </testcase>
  <testcase name="And I sign out user" classname="| markbible@mail.com | InteliJ2 | Mark Bible |" time="0"/>
  <testcase name="And I sign out user" classname="| markbible@mail.com | InteliJ2 | Mark Bible |" time="0">
    <skipped/>
  </testcase>
  <testcase name="Then I close down the browser" classname="| markbible@mail.com | InteliJ2 | Mark Bible |" time="0"/>
  <testcase name="Then I close down the browser" classname="| markbible@mail.com | InteliJ2 | Mark Bible |" time="0">
    <skipped/>
  </testcase>
  <testcase name="| markbible@mail.com | InteliJ2 | Mark Bible |" classname="| markbible@mail.com | InteliJ2 | Mark Bible |" time="0"/>
  <testcase name="| markbible@mail.com | InteliJ2 | Mark Bible |" classname="| markbible@mail.com | InteliJ2 | Mark Bible |" time="0.016">
    <failure message="expected:&lt;You have not [received any credit slip]s.&gt; but was:&lt;You have not [placed any order]s.&gt;" type="org.junit.ComparisonFailure"><![CDATA[org.junit.ComparisonFailure: expected:<You have not [received any credit slip]s.> but was:<You have not [placed any order]s.>
]]></failure>
  </testcase>
  <testcase name="And I enter the password &quot;InteliJ3&quot;" classname="| lukebible@mail.com | InteliJ3 | Luke Bible |" time="0"/>
  <testcase name="And I click on the login button" classname="| lukebible@mail.com | InteliJ3 | Luke Bible |" time="0"/>
  <testcase name="Then I verify that the account name &quot;Luke Bible&quot; is displayed" classname="| lukebible@mail.com | InteliJ3 | Luke Bible |" time="0"/>
  <testcase name="And I sign out user" classname="| lukebible@mail.com | InteliJ3 | Luke Bible |" time="0"/>
  <testcase name="Then I close down the browser" classname="| lukebible@mail.com | InteliJ3 | Luke Bible |" time="0"/>
  <testcase name="Given user is on the homepage" classname="| johnbible@mail.com | InteliJ4 | John Bible |" time="0"/>
  <testcase name="And I click on the sign in button" classname="| johnbible@mail.com | InteliJ4 | John Bible |" time="0"/>
  <testcase name="And I enter the email &quot;johnbible@mail.com&quot; address" classname="| johnbible@mail.com | InteliJ4 | John Bible |" time="0"/>
  <testcase name="And I enter the password &quot;InteliJ4&quot;" classname="| johnbible@mail.com | InteliJ4 | John Bible |" time="0"/>
  <testcase name="And I click on the login button" classname="| johnbible@mail.com | InteliJ4 | John Bible |" time="0"/>
  <testcase name="Then I verify that the account name &quot;John Bible&quot; is displayed" classname="| johnbible@mail.com | InteliJ4 | John Bible |" time="0"/>
  <testcase name="And I sign out user" classname="| johnbible@mail.com | InteliJ4 | John Bible |" time="0"/>
  <testcase name="Then I close down the browser" classname="| johnbible@mail.com | InteliJ4 | John Bible |" time="0"/>
  <testcase name="| johnbible@mail.com | InteliJ4 | John Bible |" classname="| johnbible@mail.com | InteliJ4 | John Bible |" time="0"/>
  <testcase name="When I click on the MY CREDIT SLIPS button" classname="| markbible@mail.com | InteliJ2 | Mark Bible |" time="0"/>
  <testcase name="Then I verify the message within and take a screen shot" classname="| markbible@mail.com | InteliJ2 | Mark Bible |" time="0.008">
    <failure message="expected:&lt;You have not [received any credit slip]s.&gt; but was:&lt;You have not [placed any order]s.&gt;" type="org.junit.ComparisonFailure"><![CDATA[org.junit.ComparisonFailure: expected:<You have not [received any credit slip]s.> but was:<You have not [placed any order]s.>
]]></failure>
  </testcase>
</testsuite>